0 info it worked if it ends with ok
1 verbose cli [ 'C:\\Program Files (x86)\\nodejs\\\\node.exe',
1 verbose cli   'C:\\Program Files (x86)\\nodejs\\node_modules\\npm\\bin\\npm-cli.js',
1 verbose cli   'run',
1 verbose cli   'lite' ]
2 info using npm@2.7.4
3 info using node@v0.12.2
4 verbose node symlink C:\Program Files (x86)\nodejs\\node.exe
5 verbose run-script [ 'prelite', 'lite', 'postlite' ]
6 info prelite angular2-tour-of-heros@0.0.1
7 info lite angular2-tour-of-heros@0.0.1
8 verbose unsafe-perm in lifecycle true
9 info angular2-tour-of-heros@0.0.1 Failed to exec lite script
10 verbose stack Error: angular2-tour-of-heros@0.0.1 lite: `lite-server`
10 verbose stack Exit status 1
10 verbose stack     at EventEmitter.<anonymous> (C:\Program Files (x86)\nodejs\node_modules\npm\lib\utils\lifecycle.js:213:16)
10 verbose stack     at EventEmitter.emit (events.js:110:17)
10 verbose stack     at ChildProcess.<anonymous> (C:\Program Files (x86)\nodejs\node_modules\npm\lib\utils\spawn.js:14:12)
10 verbose stack     at ChildProcess.emit (events.js:110:17)
10 verbose stack     at maybeClose (child_process.js:1015:16)
10 verbose stack     at Process.ChildProcess._handle.onexit (child_process.js:1087:5)
11 verbose pkgid angular2-tour-of-heros@0.0.1
12 verbose cwd D:\SoftwareDeveloper\Project\AngularTwo-House-Page
13 error Windows_NT 6.3.9600
14 error argv "C:\\Program Files (x86)\\nodejs\\\\node.exe" "C:\\Program Files (x86)\\nodejs\\node_modules\\npm\\bin\\npm-cli.js" "run" "lite"
15 error node v0.12.2
16 error npm  v2.7.4
17 error code ELIFECYCLE
18 error angular2-tour-of-heros@0.0.1 lite: `lite-server`
18 error Exit status 1
19 error Failed at the angular2-tour-of-heros@0.0.1 lite script 'lite-server'.
19 error This is most likely a problem with the angular2-tour-of-heros package,
19 error not with npm itself.
19 error Tell the author that this fails on your system:
19 error     lite-server
19 error You can get their info via:
19 error     npm owner ls angular2-tour-of-heros
19 error There is likely additional logging output above.
20 verbose exit [ 1, true ]
